  [1m[35m (15.7ms)[0m  [1m[35mSET NAMES utf8mb4,  @@SESSION.sql_mode = CONCAT(CONCAT(@@sql_mode, ',STRICT_ALL_TABLES'), ',NO_AUTO_VALUE_ON_ZERO'),  @@SESSION.sql_auto_is_null = 0, @@SESSION.wait_timeout = 2147483[0m
  [1m[35m (6.6ms)[0m  [1m[35mCREATE DATABASE `pictgram_development` DEFAULT CHARACTER SET `utf8mb4`[0m
  [1m[35m (0.4ms)[0m  [1m[35mSET NAMES utf8mb4,  @@SESSION.sql_mode = CONCAT(CONCAT(@@sql_mode, ',STRICT_ALL_TABLES'), ',NO_AUTO_VALUE_ON_ZERO'),  @@SESSION.sql_auto_is_null = 0, @@SESSION.wait_timeout = 2147483[0m
  [1m[35m (0.5ms)[0m  [1m[35mCREATE DATABASE `pictgram_test` DEFAULT CHARACTER SET `utf8mb4`[0m
Started GET "/" for ::1 at 2020-11-28 14:35:59 +0900
  [1m[35m (1.3ms)[0m  [1m[35mSET NAMES utf8mb4,  @@SESSION.sql_mode = CONCAT(CONCAT(@@sql_mode, ',STRICT_ALL_TABLES'), ',NO_AUTO_VALUE_ON_ZERO'),  @@SESSION.sql_auto_is_null = 0, @@SESSION.wait_timeout = 2147483[0m
Processing by Rails::WelcomeController#index as HTML
  Rendering /Users/kamiken/.rbenv/versions/2.6.6/lib/ruby/gems/2.6.0/gems/railties-6.0.3.4/lib/rails/templates/rails/welcome/index.html.erb
  Rendered /Users/kamiken/.rbenv/versions/2.6.6/lib/ruby/gems/2.6.0/gems/railties-6.0.3.4/lib/rails/templates/rails/welcome/index.html.erb (Duration: 11.2ms | Allocations: 482)
Completed 200 OK in 25ms (Views: 17.7ms | ActiveRecord: 0.0ms | Allocations: 2821)


Started GET "/" for ::1 at 2020-11-28 14:53:12 +0900
  [1m[35m (1.4ms)[0m  [1m[35mSET NAMES utf8mb4,  @@SESSION.sql_mode = CONCAT(CONCAT(@@sql_mode, ',STRICT_ALL_TABLES'), ',NO_AUTO_VALUE_ON_ZERO'),  @@SESSION.sql_auto_is_null = 0, @@SESSION.wait_timeout = 2147483[0m
Processing by PagesController#index as HTML
  Rendering pages/index.html.erb within layouts/application
  Rendered pages/index.html.erb within layouts/application (Duration: 1.9ms | Allocations: 202)
[Webpacker] Compiling...
[Webpacker] Compiled all packs in /Users/kamiken/Desktop/techboost/ruby_projects/pictgram/public/packs
[Webpacker] Hash: 15d1bb7b54cf6326b9ba
Version: webpack 4.44.2
Time: 1975ms
Built at: 2020/11/28 14:53:16
                                     Asset       Size       Chunks                         Chunk Names
    js/application-9afcbb5693aa87623e69.js    124 KiB  application  [emitted] [immutable]  application
js/application-9afcbb5693aa87623e69.js.map    139 KiB  application  [emitted] [dev]        application
                             manifest.json  364 bytes               [emitted]              
Entrypoint application = js/application-9afcbb5693aa87623e69.js js/application-9afcbb5693aa87623e69.js.map
[./app/javascript/channels sync recursive _channel\.js$] ./app/javascript/channels sync _channel\.js$ 160 bytes {application} [built]
[./app/javascript/channels/index.js] 211 bytes {application} [built]
[./app/javascript/packs/application.js] 749 bytes {application} [built]
[./node_modules/webpack/buildin/module.js] (webpack)/buildin/module.js 552 bytes {application} [built]
    + 3 hidden modules

Completed 200 OK in 4481ms (Views: 4472.8ms | ActiveRecord: 0.0ms | Allocations: 20134)


Started GET "/" for ::1 at 2020-11-28 15:32:01 +0900
  [1m[35m (1.0ms)[0m  [1m[35mSET NAMES utf8mb4,  @@SESSION.sql_mode = CONCAT(CONCAT(@@sql_mode, ',STRICT_ALL_TABLES'), ',NO_AUTO_VALUE_ON_ZERO'),  @@SESSION.sql_auto_is_null = 0, @@SESSION.wait_timeout = 2147483[0m
Processing by PagesController#index as HTML
  Rendering pages/index.html.erb within layouts/application
  Rendered pages/index.html.erb within layouts/application (Duration: 1.2ms | Allocations: 202)
[Webpacker] Everything's up-to-date. Nothing to do
Completed 200 OK in 40ms (Views: 33.1ms | ActiveRecord: 0.0ms | Allocations: 8001)


Started GET "/pages/help" for ::1 at 2020-11-28 15:32:27 +0900
Processing by PagesController#help as HTML
  Rendering pages/help.html.erb within layouts/application
  Rendered pages/help.html.erb within layouts/application (Duration: 1.8ms | Allocations: 86)
[Webpacker] Everything's up-to-date. Nothing to do
Completed 200 OK in 22ms (Views: 20.0ms | ActiveRecord: 0.0ms | Allocations: 4143)


Started GET "/" for ::1 at 2020-11-28 15:46:50 +0900
  [1m[35m (2.9ms)[0m  [1m[35mSET NAMES utf8mb4,  @@SESSION.sql_mode = CONCAT(CONCAT(@@sql_mode, ',STRICT_ALL_TABLES'), ',NO_AUTO_VALUE_ON_ZERO'),  @@SESSION.sql_auto_is_null = 0, @@SESSION.wait_timeout = 2147483[0m
Processing by PagesController#index as HTML
  Rendering pages/index.html.erb within layouts/application
  Rendered pages/index.html.erb within layouts/application (Duration: 2.0ms | Allocations: 202)
[Webpacker] Compiling...
[Webpacker] Compilation failed:
Hash: da5d0252774e47cf597c
Version: webpack 4.44.2
Time: 860ms
Built at: 2020/11/28 15:46:53
                                     Asset       Size       Chunks                         Chunk Names
    js/application-0d9cade946ba496724fe.js    124 KiB  application  [emitted] [immutable]  application
js/application-0d9cade946ba496724fe.js.map    139 KiB  application  [emitted] [dev]        application
                             manifest.json  364 bytes               [emitted]              
Entrypoint application = js/application-0d9cade946ba496724fe.js js/application-0d9cade946ba496724fe.js.map
[./app/javascript/channels sync recursive _channel\.js$] ./app/javascript/channels sync _channel\.js$ 160 bytes {application} [built]
[./app/javascript/channels/index.js] 211 bytes {application} [built]
[./app/javascript/packs/application.js] 831 bytes {application} [built]
[./node_modules/webpack/buildin/module.js] (webpack)/buildin/module.js 552 bytes {application} [built]
    + 3 hidden modules

ERROR in ./app/javascript/packs/application.js
Module not found: Error: Can't resolve '../stylesheets/application' in '/Users/kamiken/Desktop/techboost/ruby_projects/pictgram/app/javascript/packs'
 @ ./app/javascript/packs/application.js 3:0-36

ERROR in ./app/javascript/packs/application.js
Module not found: Error: Can't resolve 'bootstrap' in '/Users/kamiken/Desktop/techboost/ruby_projects/pictgram/app/javascript/packs'
 @ ./app/javascript/packs/application.js 2:0-19

Completed 200 OK in 3367ms (Views: 3355.9ms | ActiveRecord: 0.0ms | Allocations: 102034)


Started GET "/" for ::1 at 2020-11-28 15:48:24 +0900
  [1m[35m (0.6ms)[0m  [1m[35mSET NAMES utf8mb4,  @@SESSION.sql_mode = CONCAT(CONCAT(@@sql_mode, ',STRICT_ALL_TABLES'), ',NO_AUTO_VALUE_ON_ZERO'),  @@SESSION.sql_auto_is_null = 0, @@SESSION.wait_timeout = 2147483[0m
Processing by PagesController#index as HTML
  Rendering pages/index.html.erb within layouts/application
  Rendered pages/index.html.erb within layouts/application (Duration: 1.8ms | Allocations: 202)
Completed 500 Internal Server Error in 142ms (ActiveRecord: 0.0ms | Allocations: 19110)


  
ActionView::Template::Error (Error: File to import not found or unreadable: ~bootstrap/scss/bootstrap.
        on line 3:1 of app/assets/stylesheets/application.scss
>> @import '~bootstrap/scss/bootstrap';

   ^
):
     5:     <%= csrf_meta_tags %>
     6:     <%= csp_meta_tag %>
     7: 
     8:     <%= stylesheet_link_tag 'application', media: 'all', 'data-turbolinks-track': 'reload' %>
     9:     <%= javascript_pack_tag 'application', 'data-turbolinks-track': 'reload' %>
    10:   </head>
    11: 
  
app/assets/stylesheets/application.scss:3
app/views/layouts/application.html.erb:8
Started GET "/" for ::1 at 2020-11-28 15:52:16 +0900
  [1m[35m (0.5ms)[0m  [1m[35mSET NAMES utf8mb4,  @@SESSION.sql_mode = CONCAT(CONCAT(@@sql_mode, ',STRICT_ALL_TABLES'), ',NO_AUTO_VALUE_ON_ZERO'),  @@SESSION.sql_auto_is_null = 0, @@SESSION.wait_timeout = 2147483[0m
Processing by PagesController#index as HTML
  Rendering pages/index.html.erb within layouts/application
  Rendered pages/index.html.erb within layouts/application (Duration: 1.4ms | Allocations: 202)
[Webpacker] Compiling...
[Webpacker] Compilation failed:
Hash: ececd585d0b367dd70ef
Version: webpack 4.44.2
Time: 1585ms
Built at: 2020/11/28 15:52:19
                                     Asset       Size       Chunks                         Chunk Names
    js/application-4760fba76e5aafa3ee19.js    134 KiB  application  [emitted] [immutable]  application
js/application-4760fba76e5aafa3ee19.js.map    148 KiB  application  [emitted] [dev]        application
                             manifest.json  364 bytes               [emitted]              
Entrypoint application = js/application-4760fba76e5aafa3ee19.js js/application-4760fba76e5aafa3ee19.js.map
[./app/javascript/channels sync recursive _channel\.js$] ./app/javascript/channels sync _channel\.js$ 160 bytes {application} [built]
[./app/javascript/channels/index.js] 211 bytes {application} [built]
[./app/javascript/packs/application.js] 831 bytes {application} [built]
[./app/javascript/stylesheets/application.scss] 664 bytes {application} [built]
[./node_modules/css-loader/dist/cjs.js?!./node_modules/postcss-loader/src/index.js?!./node_modules/sass-loader/dist/cjs.js?!./app/javascript/stylesheets/application.scss] ./node_modules/css-loader/dist/cjs.js??ref--7-1!./node_modules/postcss-loader/src??ref--7-2!./node_modules/sass-loader/dist/cjs.js??ref--7-3!./app/javascript/stylesheets/application.scss 332 bytes {application} [built] [failed] [1 error]
[./node_modules/webpack/buildin/module.js] (webpack)/buildin/module.js 552 bytes {application} [built]
    + 4 hidden modules

ERROR in ./app/javascript/stylesheets/application.scss (./node_modules/css-loader/dist/cjs.js??ref--7-1!./node_modules/postcss-loader/src??ref--7-2!./node_modules/sass-loader/dist/cjs.js??ref--7-3!./app/javascript/stylesheets/application.scss)
Module build failed (from ./node_modules/sass-loader/dist/cjs.js):

@import '~bootstrap/scss/bootstrap';
^
      File to import not found or unreadable: ~bootstrap/scss/bootstrap.
      in /Users/kamiken/Desktop/techboost/ruby_projects/pictgram/app/javascript/stylesheets/application.scss (line 1, column 1)
 @ ./app/javascript/stylesheets/application.scss 2:26-228
 @ ./app/javascript/packs/application.js

ERROR in ./app/javascript/packs/application.js
Module not found: Error: Can't resolve 'bootstrap' in '/Users/kamiken/Desktop/techboost/ruby_projects/pictgram/app/javascript/packs'
 @ ./app/javascript/packs/application.js 2:0-19

ERROR in ./node_modules/@rails/ujs/lib/assets/compiled/rails-ujs.js
Module not found: Error: Can't resolve 'jquery/src/jquery' in '/Users/kamiken/Desktop/techboost/ruby_projects/pictgram/node_modules/@rails/ujs/lib/assets/compiled'
 @ ./node_modules/@rails/ujs/lib/assets/compiled/rails-ujs.js 1:0-28
 @ ./app/javascript/packs/application.js

Completed 200 OK in 3290ms (Views: 3283.5ms | ActiveRecord: 0.0ms | Allocations: 20544)


Started GET "/" for ::1 at 2020-11-28 16:01:55 +0900
  [1m[35m (1.6ms)[0m  [1m[35mSET NAMES utf8mb4,  @@SESSION.sql_mode = CONCAT(CONCAT(@@sql_mode, ',STRICT_ALL_TABLES'), ',NO_AUTO_VALUE_ON_ZERO'),  @@SESSION.sql_auto_is_null = 0, @@SESSION.wait_timeout = 2147483[0m
Processing by PagesController#index as HTML
  Rendering pages/index.html.erb within layouts/application
  Rendered pages/index.html.erb within layouts/application (Duration: 6.2ms | Allocations: 577)
[Webpacker] Everything's up-to-date. Nothing to do
Completed 200 OK in 698ms (Views: 691.1ms | ActiveRecord: 0.0ms | Allocations: 100375)


  
ActionController::RoutingError (No route matches [GET] "/assets/bg-top.png"):
  
actionpack (6.0.3.4) lib/action_dispatch/middleware/debug_exceptions.rb:36:in `call'
web-console (4.1.0) lib/web_console/middleware.rb:132:in `call_app'
web-console (4.1.0) lib/web_console/middleware.rb:28:in `block in call'
web-console (4.1.0) lib/web_console/middleware.rb:17:in `catch'
web-console (4.1.0) lib/web_console/middleware.rb:17:in `call'
actionpack (6.0.3.4) lib/action_dispatch/middleware/show_exceptions.rb:33:in `call'
railties (6.0.3.4) lib/rails/rack/logger.rb:37:in `call_app'
railties (6.0.3.4) lib/rails/rack/logger.rb:26:in `block in call'
activesupport (6.0.3.4) lib/active_support/tagged_logging.rb:80:in `block in tagged'
activesupport (6.0.3.4) lib/active_support/tagged_logging.rb:28:in `tagged'
activesupport (6.0.3.4) lib/active_support/tagged_logging.rb:80:in `tagged'
railties (6.0.3.4) lib/rails/rack/logger.rb:26:in `call'
sprockets-rails (3.2.2) lib/sprockets/rails/quiet_assets.rb:11:in `block in call'
activesupport (6.0.3.4) lib/active_support/logger_silence.rb:36:in `silence'
activesupport (6.0.3.4) lib/active_support/logger.rb:64:in `block (3 levels) in broadcast'
activesupport (6.0.3.4) lib/active_support/logger_silence.rb:36:in `silence'
activesupport (6.0.3.4) lib/active_support/logger.rb:62:in `block (2 levels) in broadcast'
sprockets-rails (3.2.2) lib/sprockets/rails/quiet_assets.rb:11:in `call'
actionpack (6.0.3.4) lib/action_dispatch/middleware/remote_ip.rb:81:in `call'
actionpack (6.0.3.4) lib/action_dispatch/middleware/request_id.rb:27:in `call'
rack (2.2.3) lib/rack/method_override.rb:24:in `call'
rack (2.2.3) lib/rack/runtime.rb:22:in `call'
activesupport (6.0.3.4) lib/active_support/cache/strategy/local_cache_middleware.rb:29:in `call'
actionpack (6.0.3.4) lib/action_dispatch/middleware/executor.rb:14:in `call'
actionpack (6.0.3.4) lib/action_dispatch/middleware/static.rb:126:in `call'
rack (2.2.3) lib/rack/sendfile.rb:110:in `call'
actionpack (6.0.3.4) lib/action_dispatch/middleware/host_authorization.rb:82:in `call'
webpacker (4.3.0) lib/webpacker/dev_server_proxy.rb:23:in `perform_request'
rack-proxy (0.6.5) lib/rack/proxy.rb:57:in `call'
railties (6.0.3.4) lib/rails/engine.rb:527:in `call'
puma (4.3.6) lib/puma/configuration.rb:228:in `call'
puma (4.3.6) lib/puma/server.rb:713:in `handle_request'
puma (4.3.6) lib/puma/server.rb:472:in `process_client'
puma (4.3.6) lib/puma/server.rb:328:in `block in run'
puma (4.3.6) lib/puma/thread_pool.rb:134:in `block in spawn_thread'
Started GET "/" for ::1 at 2020-11-28 16:02:38 +0900
Processing by PagesController#index as HTML
  Rendering pages/index.html.erb within layouts/application
  Rendered pages/index.html.erb within layouts/application (Duration: 0.9ms | Allocations: 181)
[Webpacker] Everything's up-to-date. Nothing to do
Completed 200 OK in 19ms (Views: 16.1ms | ActiveRecord: 0.0ms | Allocations: 8870)


  
ActionController::RoutingError (No route matches [GET] "/assets/bg-top.png"):
  
actionpack (6.0.3.4) lib/action_dispatch/middleware/debug_exceptions.rb:36:in `call'
web-console (4.1.0) lib/web_console/middleware.rb:132:in `call_app'
web-console (4.1.0) lib/web_console/middleware.rb:28:in `block in call'
web-console (4.1.0) lib/web_console/middleware.rb:17:in `catch'
web-console (4.1.0) lib/web_console/middleware.rb:17:in `call'
actionpack (6.0.3.4) lib/action_dispatch/middleware/show_exceptions.rb:33:in `call'
railties (6.0.3.4) lib/rails/rack/logger.rb:37:in `call_app'
railties (6.0.3.4) lib/rails/rack/logger.rb:26:in `block in call'
activesupport (6.0.3.4) lib/active_support/tagged_logging.rb:80:in `block in tagged'
activesupport (6.0.3.4) lib/active_support/tagged_logging.rb:28:in `tagged'
activesupport (6.0.3.4) lib/active_support/tagged_logging.rb:80:in `tagged'
railties (6.0.3.4) lib/rails/rack/logger.rb:26:in `call'
sprockets-rails (3.2.2) lib/sprockets/rails/quiet_assets.rb:11:in `block in call'
activesupport (6.0.3.4) lib/active_support/logger_silence.rb:36:in `silence'
activesupport (6.0.3.4) lib/active_support/logger.rb:64:in `block (3 levels) in broadcast'
activesupport (6.0.3.4) lib/active_support/logger_silence.rb:36:in `silence'
activesupport (6.0.3.4) lib/active_support/logger.rb:62:in `block (2 levels) in broadcast'
sprockets-rails (3.2.2) lib/sprockets/rails/quiet_assets.rb:11:in `call'
actionpack (6.0.3.4) lib/action_dispatch/middleware/remote_ip.rb:81:in `call'
actionpack (6.0.3.4) lib/action_dispatch/middleware/request_id.rb:27:in `call'
rack (2.2.3) lib/rack/method_override.rb:24:in `call'
rack (2.2.3) lib/rack/runtime.rb:22:in `call'
activesupport (6.0.3.4) lib/active_support/cache/strategy/local_cache_middleware.rb:29:in `call'
actionpack (6.0.3.4) lib/action_dispatch/middleware/executor.rb:14:in `call'
actionpack (6.0.3.4) lib/action_dispatch/middleware/static.rb:126:in `call'
rack (2.2.3) lib/rack/sendfile.rb:110:in `call'
actionpack (6.0.3.4) lib/action_dispatch/middleware/host_authorization.rb:82:in `call'
webpacker (4.3.0) lib/webpacker/dev_server_proxy.rb:23:in `perform_request'
rack-proxy (0.6.5) lib/rack/proxy.rb:57:in `call'
railties (6.0.3.4) lib/rails/engine.rb:527:in `call'
puma (4.3.6) lib/puma/configuration.rb:228:in `call'
puma (4.3.6) lib/puma/server.rb:713:in `handle_request'
puma (4.3.6) lib/puma/server.rb:472:in `process_client'
puma (4.3.6) lib/puma/server.rb:328:in `block in run'
puma (4.3.6) lib/puma/thread_pool.rb:134:in `block in spawn_thread'
Started GET "/" for ::1 at 2020-11-28 16:03:02 +0900
Processing by PagesController#index as HTML
  Rendering pages/index.html.erb within layouts/application
  Rendered pages/index.html.erb within layouts/application (Duration: 0.1ms | Allocations: 48)
[Webpacker] Everything's up-to-date. Nothing to do
Completed 200 OK in 36ms (Views: 34.8ms | ActiveRecord: 0.0ms | Allocations: 7808)


  
ActionController::RoutingError (No route matches [GET] "/assets/bg-top.png"):
  
actionpack (6.0.3.4) lib/action_dispatch/middleware/debug_exceptions.rb:36:in `call'
web-console (4.1.0) lib/web_console/middleware.rb:132:in `call_app'
web-console (4.1.0) lib/web_console/middleware.rb:28:in `block in call'
web-console (4.1.0) lib/web_console/middleware.rb:17:in `catch'
web-console (4.1.0) lib/web_console/middleware.rb:17:in `call'
actionpack (6.0.3.4) lib/action_dispatch/middleware/show_exceptions.rb:33:in `call'
railties (6.0.3.4) lib/rails/rack/logger.rb:37:in `call_app'
railties (6.0.3.4) lib/rails/rack/logger.rb:26:in `block in call'
activesupport (6.0.3.4) lib/active_support/tagged_logging.rb:80:in `block in tagged'
activesupport (6.0.3.4) lib/active_support/tagged_logging.rb:28:in `tagged'
activesupport (6.0.3.4) lib/active_support/tagged_logging.rb:80:in `tagged'
railties (6.0.3.4) lib/rails/rack/logger.rb:26:in `call'
sprockets-rails (3.2.2) lib/sprockets/rails/quiet_assets.rb:11:in `block in call'
activesupport (6.0.3.4) lib/active_support/logger_silence.rb:36:in `silence'
activesupport (6.0.3.4) lib/active_support/logger.rb:64:in `block (3 levels) in broadcast'
activesupport (6.0.3.4) lib/active_support/logger_silence.rb:36:in `silence'
activesupport (6.0.3.4) lib/active_support/logger.rb:62:in `block (2 levels) in broadcast'
sprockets-rails (3.2.2) lib/sprockets/rails/quiet_assets.rb:11:in `call'
actionpack (6.0.3.4) lib/action_dispatch/middleware/remote_ip.rb:81:in `call'
actionpack (6.0.3.4) lib/action_dispatch/middleware/request_id.rb:27:in `call'
rack (2.2.3) lib/rack/method_override.rb:24:in `call'
rack (2.2.3) lib/rack/runtime.rb:22:in `call'
activesupport (6.0.3.4) lib/active_support/cache/strategy/local_cache_middleware.rb:29:in `call'
actionpack (6.0.3.4) lib/action_dispatch/middleware/executor.rb:14:in `call'
actionpack (6.0.3.4) lib/action_dispatch/middleware/static.rb:126:in `call'
rack (2.2.3) lib/rack/sendfile.rb:110:in `call'
actionpack (6.0.3.4) lib/action_dispatch/middleware/host_authorization.rb:82:in `call'
webpacker (4.3.0) lib/webpacker/dev_server_proxy.rb:23:in `perform_request'
rack-proxy (0.6.5) lib/rack/proxy.rb:57:in `call'
railties (6.0.3.4) lib/rails/engine.rb:527:in `call'
puma (4.3.6) lib/puma/configuration.rb:228:in `call'
puma (4.3.6) lib/puma/server.rb:713:in `handle_request'
puma (4.3.6) lib/puma/server.rb:472:in `process_client'
puma (4.3.6) lib/puma/server.rb:328:in `block in run'
puma (4.3.6) lib/puma/thread_pool.rb:134:in `block in spawn_thread'
Started GET "/" for ::1 at 2020-11-28 16:05:44 +0900
  [1m[35m (1.1ms)[0m  [1m[35mSET NAMES utf8mb4,  @@SESSION.sql_mode = CONCAT(CONCAT(@@sql_mode, ',STRICT_ALL_TABLES'), ',NO_AUTO_VALUE_ON_ZERO'),  @@SESSION.sql_auto_is_null = 0, @@SESSION.wait_timeout = 2147483[0m
Processing by PagesController#index as HTML
  Rendering pages/index.html.erb within layouts/application
  Rendered pages/index.html.erb within layouts/application (Duration: 1.9ms | Allocations: 314)
[Webpacker] Everything's up-to-date. Nothing to do
Completed 200 OK in 318ms (Views: 311.9ms | ActiveRecord: 0.0ms | Allocations: 37443)


  [1m[35m (28.2ms)[0m  [1m[35mSET NAMES utf8mb4,  @@SESSION.sql_mode = CONCAT(CONCAT(@@sql_mode, ',STRICT_ALL_TABLES'), ',NO_AUTO_VALUE_ON_ZERO'),  @@SESSION.sql_auto_is_null = 0, @@SESSION.wait_timeout = 2147483[0m
  [1m[35m (59.9ms)[0m  [1m[35mCREATE TABLE `schema_migrations` (`version` varchar(255) NOT NULL PRIMARY KEY)[0m
  [1m[35m (26.0ms)[0m  [1m[35mCREATE TABLE `ar_internal_metadata` (`key` varchar(255) NOT NULL PRIMARY KEY, `value` varchar(255), `created_at` datetime(6) NOT NULL, `updated_at` datetime(6) NOT NULL)[0m
  [1m[35m (0.3ms)[0m  [1m[35mSET NAMES utf8mb4,  @@SESSION.sql_mode = CONCAT(CONCAT(@@sql_mode, ',STRICT_ALL_TABLES'), ',NO_AUTO_VALUE_ON_ZERO'),  @@SESSION.sql_auto_is_null = 0, @@SESSION.wait_timeout = 2147483[0m
  [1m[35m (0.2ms)[0m  [1m[34mSELECT GET_LOCK('6372517130059550925', 0)[0m
  [1m[35m (0.3ms)[0m  [1m[34mSELECT `schema_migrations`.`version` FROM `schema_migrations` ORDER BY `schema_migrations`.`version` ASC[0m
Migrating to CreateUsers (20201128115930)
  [1m[35m (29.6ms)[0m  [1m[35mCREATE TABLE `users` (`id` bigint NOT NULL AUTO_INCREMENT PRIMARY KEY, `name` varchar(255), `email` varchar(255), `created_at` datetime(6) NOT NULL, `updated_at` datetime(6) NOT NULL)[0m
  [1m[35m (0.1ms)[0m  [1m[35mBEGIN[0m
  [1m[36mprimary::SchemaMigration Create (0.3ms)[0m  [1m[32mINSERT INTO `schema_migrations` (`version`) VALUES ('20201128115930')[0m
  [1m[35m (0.6ms)[0m  [1m[35mCOMMIT[0m
  [1m[36mActiveRecord::InternalMetadata Load (0.3ms)[0m  [1m[34mSELECT `ar_internal_metadata`.* FROM `ar_internal_metadata` WHERE `ar_internal_metadata`.`key` = 'environment' LIMIT 1[0m
  [1m[35m (0.2ms)[0m  [1m[35mBEGIN[0m
  [1m[36mActiveRecord::InternalMetadata Create (0.6ms)[0m  [1m[32mINSERT INTO `ar_internal_metadata` (`key`, `value`, `created_at`, `updated_at`) VALUES ('environment', 'development', '2020-11-28 12:01:14.905341', '2020-11-28 12:01:14.905341')[0m
  [1m[35m (0.4ms)[0m  [1m[35mCOMMIT[0m
  [1m[35m (0.2ms)[0m  [1m[34mSELECT RELEASE_LOCK('6372517130059550925')[0m
  [1m[35m (0.2ms)[0m  [1m[35mSET NAMES utf8mb4,  @@SESSION.sql_mode = CONCAT(CONCAT(@@sql_mode, ',STRICT_ALL_TABLES'), ',NO_AUTO_VALUE_ON_ZERO'),  @@SESSION.sql_auto_is_null = 0, @@SESSION.wait_timeout = 2147483[0m
  [1m[35m (0.2ms)[0m  [1m[34mSELECT `schema_migrations`.`version` FROM `schema_migrations` ORDER BY `schema_migrations`.`version` ASC[0m
  [1m[35m (0.6ms)[0m  [1m[35mSET NAMES utf8mb4,  @@SESSION.sql_mode = CONCAT(CONCAT(@@sql_mode, ',STRICT_ALL_TABLES'), ',NO_AUTO_VALUE_ON_ZERO'),  @@SESSION.sql_auto_is_null = 0, @@SESSION.wait_timeout = 2147483[0m
  [1m[35m (0.3ms)[0m  [1m[35mSET NAMES utf8mb4,  @@SESSION.sql_mode = CONCAT(CONCAT(@@sql_mode, ',STRICT_ALL_TABLES'), ',NO_AUTO_VALUE_ON_ZERO'),  @@SESSION.sql_auto_is_null = 0, @@SESSION.wait_timeout = 2147483[0m
  [1m[35m (0.3ms)[0m  [1m[34mSELECT GET_LOCK('6372517130059550925', 0)[0m
  [1m[35m (0.2ms)[0m  [1m[34mSELECT `schema_migrations`.`version` FROM `schema_migrations` ORDER BY `schema_migrations`.`version` ASC[0m
  [1m[36mActiveRecord::InternalMetadata Load (0.2ms)[0m  [1m[34mSELECT `ar_internal_metadata`.* FROM `ar_internal_metadata` WHERE `ar_internal_metadata`.`key` = 'environment' LIMIT 1[0m
  [1m[35m (0.2ms)[0m  [1m[34mSELECT RELEASE_LOCK('6372517130059550925')[0m
  [1m[35m (0.2ms)[0m  [1m[35mSET NAMES utf8mb4,  @@SESSION.sql_mode = CONCAT(CONCAT(@@sql_mode, ',STRICT_ALL_TABLES'), ',NO_AUTO_VALUE_ON_ZERO'),  @@SESSION.sql_auto_is_null = 0, @@SESSION.wait_timeout = 2147483[0m
  [1m[35m (0.1ms)[0m  [1m[34mSELECT `schema_migrations`.`version` FROM `schema_migrations` ORDER BY `schema_migrations`.`version` ASC[0m
  [1m[35m (0.6ms)[0m  [1m[35mSET NAMES utf8mb4,  @@SESSION.sql_mode = CONCAT(CONCAT(@@sql_mode, ',STRICT_ALL_TABLES'), ',NO_AUTO_VALUE_ON_ZERO'),  @@SESSION.sql_auto_is_null = 0, @@SESSION.wait_timeout = 2147483[0m
  [1m[35m (0.3ms)[0m  [1m[34mSELECT `schema_migrations`.`version` FROM `schema_migrations` ORDER BY `schema_migrations`.`version` ASC[0m
  [1m[35m (0.3ms)[0m  [1m[34mSELECT `schema_migrations`.`version` FROM `schema_migrations` ORDER BY `schema_migrations`.`version` ASC[0m
  [1m[35m (0.1ms)[0m  [1m[34mSELECT `schema_migrations`.`version` FROM `schema_migrations` ORDER BY `schema_migrations`.`version` ASC[0m
  [1m[35m (0.2ms)[0m  [1m[35mSET NAMES utf8mb4,  @@SESSION.sql_mode = CONCAT(CONCAT(@@sql_mode, ',STRICT_ALL_TABLES'), ',NO_AUTO_VALUE_ON_ZERO'),  @@SESSION.sql_auto_is_null = 0, @@SESSION.wait_timeout = 2147483[0m
  [1m[35m (0.1ms)[0m  [1m[34mSELECT GET_LOCK('6372517130059550925', 0)[0m
  [1m[35m (0.2ms)[0m  [1m[34mSELECT `schema_migrations`.`version` FROM `schema_migrations` ORDER BY `schema_migrations`.`version` ASC[0m
Migrating to CreateUsers (20201128115930)
  [1m[35m (4.4ms)[0m  [1m[35mDROP TABLE `users`[0m
  [1m[36mprimary::SchemaMigration Destroy (1.7ms)[0m  [1m[31mDELETE FROM `schema_migrations` WHERE `schema_migrations`.`version` = '20201128115930'[0m
  [1m[35m (0.2ms)[0m  [1m[34mSELECT RELEASE_LOCK('6372517130059550925')[0m
  [1m[35m (0.2ms)[0m  [1m[35mSET NAMES utf8mb4,  @@SESSION.sql_mode = CONCAT(CONCAT(@@sql_mode, ',STRICT_ALL_TABLES'), ',NO_AUTO_VALUE_ON_ZERO'),  @@SESSION.sql_auto_is_null = 0, @@SESSION.wait_timeout = 2147483[0m
  [1m[35m (0.2ms)[0m  [1m[34mSELECT `schema_migrations`.`version` FROM `schema_migrations` ORDER BY `schema_migrations`.`version` ASC[0m
  [1m[35m (0.4ms)[0m  [1m[35mSET NAMES utf8mb4,  @@SESSION.sql_mode = CONCAT(CONCAT(@@sql_mode, ',STRICT_ALL_TABLES'), ',NO_AUTO_VALUE_ON_ZERO'),  @@SESSION.sql_auto_is_null = 0, @@SESSION.wait_timeout = 2147483[0m
  [1m[35m (0.5ms)[0m  [1m[35mSET NAMES utf8mb4,  @@SESSION.sql_mode = CONCAT(CONCAT(@@sql_mode, ',STRICT_ALL_TABLES'), ',NO_AUTO_VALUE_ON_ZERO'),  @@SESSION.sql_auto_is_null = 0, @@SESSION.wait_timeout = 2147483[0m
  [1m[35m (0.2ms)[0m  [1m[34mSELECT GET_LOCK('6372517130059550925', 0)[0m
  [1m[35m (0.2ms)[0m  [1m[34mSELECT `schema_migrations`.`version` FROM `schema_migrations` ORDER BY `schema_migrations`.`version` ASC[0m
Migrating to CreateUsers (20201128115930)
  [1m[35m (26.1ms)[0m  [1m[35mCREATE TABLE `users` (`id` bigint NOT NULL AUTO_INCREMENT PRIMARY KEY, `name` varchar(255), `email` varchar(255), `created_at` datetime(6) NOT NULL, `updated_at` datetime(6) NOT NULL)[0m
  [1m[35m (0.1ms)[0m  [1m[35mBEGIN[0m
  [1m[36mprimary::SchemaMigration Create (0.2ms)[0m  [1m[32mINSERT INTO `schema_migrations` (`version`) VALUES ('20201128115930')[0m
  [1m[35m (0.4ms)[0m  [1m[35mCOMMIT[0m
  [1m[36mActiveRecord::InternalMetadata Load (0.2ms)[0m  [1m[34mSELECT `ar_internal_metadata`.* FROM `ar_internal_metadata` WHERE `ar_internal_metadata`.`key` = 'environment' LIMIT 1[0m
  [1m[35m (0.2ms)[0m  [1m[34mSELECT RELEASE_LOCK('6372517130059550925')[0m
  [1m[35m (0.2ms)[0m  [1m[35mSET NAMES utf8mb4,  @@SESSION.sql_mode = CONCAT(CONCAT(@@sql_mode, ',STRICT_ALL_TABLES'), ',NO_AUTO_VALUE_ON_ZERO'),  @@SESSION.sql_auto_is_null = 0, @@SESSION.wait_timeout = 2147483[0m
  [1m[35m (0.2ms)[0m  [1m[34mSELECT `schema_migrations`.`version` FROM `schema_migrations` ORDER BY `schema_migrations`.`version` ASC[0m
  [1m[35m (1.1ms)[0m  [1m[35mSET NAMES utf8mb4,  @@SESSION.sql_mode = CONCAT(CONCAT(@@sql_mode, ',STRICT_ALL_TABLES'), ',NO_AUTO_VALUE_ON_ZERO'),  @@SESSION.sql_auto_is_null = 0, @@SESSION.wait_timeout = 2147483[0m
  [1m[35m (0.2ms)[0m  [1m[35mBEGIN[0m
  [1m[36mUser Create (0.2ms)[0m  [1m[32mINSERT INTO `users` (`name`, `email`, `created_at`, `updated_at`) VALUES ('testa', 'test@test', '2020-11-28 12:04:54.641886', '2020-11-28 12:04:54.641886')[0m
  [1m[35m (0.5ms)[0m  [1m[35mCOMMIT[0m
  [1m[35m (0.2ms)[0m  [1m[35mBEGIN[0m
  [1m[36mUser Create (0.3ms)[0m  [1m[32mINSERT INTO `users` (`name`, `email`, `created_at`, `updated_at`) VALUES ('test2', 'test@test2', '2020-11-28 12:05:30.799383', '2020-11-28 12:05:30.799383')[0m
  [1m[35m (0.5ms)[0m  [1m[35mCOMMIT[0m
  [1m[35m (0.2ms)[0m  [1m[35mBEGIN[0m
  [1m[36mUser Create (0.2ms)[0m  [1m[32mINSERT INTO `users` (`name`, `email`, `created_at`, `updated_at`) VALUES ('test3', 'test@test3', '2020-11-28 12:05:59.962348', '2020-11-28 12:05:59.962348')[0m
  [1m[35m (0.7ms)[0m  [1m[35mCOMMIT[0m
  [1m[35m (0.2ms)[0m  [1m[35mBEGIN[0m
  [1m[36mUser Update (1.1ms)[0m  [1m[33mUPDATE `users` SET `users`.`name` = 'test10', `users`.`email` = 'test@test10', `users`.`updated_at` = '2020-11-28 12:06:39.663177' WHERE `users`.`id` = 1[0m
  [1m[35m (0.4ms)[0m  [1m[35mCOMMIT[0m
  [1m[35m (0.2ms)[0m  [1m[35mBEGIN[0m
  [1m[36mUser Destroy (0.4ms)[0m  [1m[31mDELETE FROM `users` WHERE `users`.`id` = 1[0m
  [1m[35m (0.4ms)[0m  [1m[35mCOMMIT[0m
  [1m[36mUser Load (0.3ms)[0m  [1m[34mSELECT `users`.* FROM `users` WHERE `users`.`id` = 2 LIMIT 1[0m
  [1m[36mUser Load (0.5ms)[0m  [1m[34mSELECT `users`.* FROM `users` WHERE `users`.`id` = 1 LIMIT 1[0m
  [1m[36mUser Load (0.5ms)[0m  [1m[34mSELECT `users`.* FROM `users` WHERE `users`.`id` = 3 LIMIT 1[0m
  [1m[36mUser Load (0.4ms)[0m  [1m[34mSELECT `users`.* FROM `users` WHERE `users`.`name` = 'test2' LIMIT 1[0m
  [1m[36mUser Load (0.3ms)[0m  [1m[34mSELECT `users`.* FROM `users`[0m
Started GET "/" for ::1 at 2020-11-28 21:54:37 +0900
  [1m[35m (0.4ms)[0m  [1m[35mSET NAMES utf8mb4,  @@SESSION.sql_mode = CONCAT(CONCAT(@@sql_mode, ',STRICT_ALL_TABLES'), ',NO_AUTO_VALUE_ON_ZERO'),  @@SESSION.sql_auto_is_null = 0, @@SESSION.wait_timeout = 2147483[0m
  [1m[35m (0.2ms)[0m  [1m[34mSELECT `schema_migrations`.`version` FROM `schema_migrations` ORDER BY `schema_migrations`.`version` ASC[0m
Processing by PagesController#index as HTML
  Rendering pages/index.html.erb within layouts/application
  Rendered pages/index.html.erb within layouts/application (Duration: 1.9ms | Allocations: 351)
[Webpacker] Everything's up-to-date. Nothing to do
Completed 200 OK in 648ms (Views: 641.4ms | ActiveRecord: 0.0ms | Allocations: 120944)


Started GET "/users/new" for ::1 at 2020-11-28 21:54:40 +0900
Processing by UsersController#new as HTML
  Rendering users/new.html.erb within layouts/application
  Rendered users/new.html.erb within layouts/application (Duration: 12.8ms | Allocations: 4802)
[Webpacker] Everything's up-to-date. Nothing to do
Completed 200 OK in 34ms (Views: 22.9ms | ActiveRecord: 4.7ms | Allocations: 17600)


Started GET "/users/new" for ::1 at 2020-11-28 22:16:38 +0900
  [1m[35m (1.0ms)[0m  [1m[35mSET NAMES utf8mb4,  @@SESSION.sql_mode = CONCAT(CONCAT(@@sql_mode, ',STRICT_ALL_TABLES'), ',NO_AUTO_VALUE_ON_ZERO'),  @@SESSION.sql_auto_is_null = 0, @@SESSION.wait_timeout = 2147483[0m
  [1m[35m (0.2ms)[0m  [1m[34mSELECT `schema_migrations`.`version` FROM `schema_migrations` ORDER BY `schema_migrations`.`version` ASC[0m
  
SyntaxError (/Users/kamiken/Desktop/techboost/ruby_projects/pictgram/app/controllers/users_controller.rb:16: syntax error, unexpected end-of-input, expecting end):
  
app/controllers/users_controller.rb:16: syntax error, unexpected end-of-input, expecting end
app/controllers/users_controller.rb:16: syntax error, unexpected end-of-input, expecting end
app/controllers/users_controller.rb:16: syntax error, unexpected end-of-input, expecting end
Started GET "/" for ::1 at 2020-11-28 22:16:47 +0900
Processing by PagesController#index as HTML
  Rendering pages/index.html.erb within layouts/application
  Rendered pages/index.html.erb within layouts/application (Duration: 0.8ms | Allocations: 231)
[Webpacker] Everything's up-to-date. Nothing to do
Completed 200 OK in 74ms (Views: 72.4ms | ActiveRecord: 0.0ms | Allocations: 23035)


Started GET "/users/new" for ::1 at 2020-11-28 22:16:50 +0900
  
SyntaxError (/Users/kamiken/Desktop/techboost/ruby_projects/pictgram/app/controllers/users_controller.rb:16: syntax error, unexpected end-of-input, expecting end):
  
app/controllers/users_controller.rb:16: syntax error, unexpected end-of-input, expecting end
app/controllers/users_controller.rb:16: syntax error, unexpected end-of-input, expecting end
app/controllers/users_controller.rb:16: syntax error, unexpected end-of-input, expecting end
Started GET "/users/new" for ::1 at 2020-11-28 22:17:29 +0900
Processing by UsersController#new as HTML
  Rendering users/new.html.erb within layouts/application
  Rendered users/new.html.erb within layouts/application (Duration: 10.6ms | Allocations: 2492)
[Webpacker] Everything's up-to-date. Nothing to do
Completed 200 OK in 35ms (Views: 26.0ms | ActiveRecord: 1.2ms | Allocations: 15321)


Started POST "/users" for ::1 at 2020-11-28 22:17:43 +0900
Processing by UsersController#create as HTML
  Parameters: {"authenticity_token"=>"6MIbk8riXPcZuC97IKxSxuMimVzFqGTwclM55olJuPOzAmhX1j1kKIAKn7jGfGRjBXJpCNuUk0OVPAuVqyzp/g==", "user"=>{"name"=>"test4", "email"=>"test"}, "commit"=>"登録"}
  [1m[35m (0.1ms)[0m  [1m[35mBEGIN[0m
  ↳ app/controllers/users_controller.rb:8:in `create'
  [1m[36mUser Create (0.2ms)[0m  [1m[32mINSERT INTO `users` (`name`, `email`, `created_at`, `updated_at`) VALUES ('test4', 'test', '2020-11-28 13:17:43.291849', '2020-11-28 13:17:43.291849')[0m
  ↳ app/controllers/users_controller.rb:8:in `create'
  [1m[35m (4.0ms)[0m  [1m[35mCOMMIT[0m
  ↳ app/controllers/users_controller.rb:8:in `create'
Redirected to http://localhost:3000/
Completed 302 Found in 9ms (ActiveRecord: 4.3ms | Allocations: 2910)


Started GET "/" for ::1 at 2020-11-28 22:17:43 +0900
Processing by PagesController#index as HTML
  Rendering pages/index.html.erb within layouts/application
  Rendered pages/index.html.erb within layouts/application (Duration: 0.1ms | Allocations: 73)
[Webpacker] Everything's up-to-date. Nothing to do
Completed 200 OK in 11ms (Views: 10.6ms | ActiveRecord: 0.0ms | Allocations: 8539)


Started GET "/users/new" for ::1 at 2020-11-28 22:24:33 +0900
  [1m[35m (0.3ms)[0m  [1m[35mSET NAMES utf8mb4,  @@SESSION.sql_mode = CONCAT(CONCAT(@@sql_mode, ',STRICT_ALL_TABLES'), ',NO_AUTO_VALUE_ON_ZERO'),  @@SESSION.sql_auto_is_null = 0, @@SESSION.wait_timeout = 2147483[0m
Processing by UsersController#new as HTML
  Rendering users/new.html.erb within layouts/application
  Rendered users/new.html.erb within layouts/application (Duration: 0.9ms | Allocations: 641)
[Webpacker] Everything's up-to-date. Nothing to do
Completed 200 OK in 28ms (Views: 27.2ms | ActiveRecord: 0.0ms | Allocations: 8972)


Started GET "/" for ::1 at 2020-11-28 23:29:17 +0900
  [1m[35m (1.1ms)[0m  [1m[35mSET NAMES utf8mb4,  @@SESSION.sql_mode = CONCAT(CONCAT(@@sql_mode, ',STRICT_ALL_TABLES'), ',NO_AUTO_VALUE_ON_ZERO'),  @@SESSION.sql_auto_is_null = 0, @@SESSION.wait_timeout = 2147483[0m
  [1m[35m (0.2ms)[0m  [1m[34mSELECT `schema_migrations`.`version` FROM `schema_migrations` ORDER BY `schema_migrations`.`version` ASC[0m
Processing by PagesController#index as HTML
  Rendering pages/index.html.erb within layouts/application
  Rendered pages/index.html.erb within layouts/application (Duration: 1.9ms | Allocations: 350)
[Webpacker] Everything's up-to-date. Nothing to do
Completed 200 OK in 688ms (Views: 681.8ms | ActiveRecord: 0.0ms | Allocations: 125074)


Started GET "/users/new" for ::1 at 2020-11-28 23:29:20 +0900
Processing by UsersController#new as HTML
  Rendering users/new.html.erb within layouts/application
  Rendered users/new.html.erb within layouts/application (Duration: 7.1ms | Allocations: 2501)
[Webpacker] Everything's up-to-date. Nothing to do
Completed 200 OK in 29ms (Views: 16.3ms | ActiveRecord: 5.4ms | Allocations: 15711)


Started POST "/users" for ::1 at 2020-11-28 23:29:22 +0900
Processing by UsersController#create as HTML
  Parameters: {"authenticity_token"=>"vW/WoqkBxRtbi9NX4EJCKTr6XqP7Z97k7zlvL4deb4vmr6Vmtd79xMI5Y5QGknSM3Kqu9+VbKVcIVl1cpTs+hg==", "user"=>{"name"=>"", "email"=>""}, "commit"=>"登録"}
  Rendering users/new.html.erb within layouts/application
  Rendered users/new.html.erb within layouts/application (Duration: 1.3ms | Allocations: 662)
[Webpacker] Everything's up-to-date. Nothing to do
Completed 200 OK in 12ms (Views: 10.3ms | ActiveRecord: 0.0ms | Allocations: 10480)


Started POST "/users" for ::1 at 2020-11-28 23:29:31 +0900
Processing by UsersController#create as HTML
  Parameters: {"authenticity_token"=>"J6j4hiatcMWR8J2l+5gJsiunnbRtJLtkepfaKrwld0t8aItCOnJIGghCLWYdSD8Xzfdt4HMYTNed+OhZnkAmRg==", "user"=>{"name"=>"test4", "email"=>""}, "commit"=>"登録"}
  Rendering users/new.html.erb within layouts/application
  Rendered users/new.html.erb within layouts/application (Duration: 1.0ms | Allocations: 651)
[Webpacker] Everything's up-to-date. Nothing to do
Completed 200 OK in 12ms (Views: 10.0ms | ActiveRecord: 0.0ms | Allocations: 9947)


Started POST "/users" for ::1 at 2020-11-28 23:29:35 +0900
Processing by UsersController#create as HTML
  Parameters: {"authenticity_token"=>"rABspTf+pNDSpoT7egm+xiDEoPvUM0Dhq8RaJ9/3ny/3wB9hKyGcD0sUNDic2YhjxpRQr8oPt1JMq2hU/ZLOIg==", "user"=>{"name"=>"test4", "email"=>"test4@test"}, "commit"=>"登録"}
  [1m[35m (0.2ms)[0m  [1m[35mBEGIN[0m
  ↳ app/controllers/users_controller.rb:8:in `create'
  [1m[36mUser Create (0.3ms)[0m  [1m[32mINSERT INTO `users` (`name`, `email`, `created_at`, `updated_at`) VALUES ('test4', 'test4@test', '2020-11-28 14:29:35.805187', '2020-11-28 14:29:35.805187')[0m
  ↳ app/controllers/users_controller.rb:8:in `create'
  [1m[35m (0.4ms)[0m  [1m[35mCOMMIT[0m
  ↳ app/controllers/users_controller.rb:8:in `create'
Redirected to http://localhost:3000/
Completed 302 Found in 6ms (ActiveRecord: 1.0ms | Allocations: 2845)


Started GET "/" for ::1 at 2020-11-28 23:29:35 +0900
Processing by PagesController#index as HTML
  Rendering pages/index.html.erb within layouts/application
  Rendered pages/index.html.erb within layouts/application (Duration: 0.1ms | Allocations: 71)
[Webpacker] Everything's up-to-date. Nothing to do
Completed 200 OK in 9ms (Views: 8.2ms | ActiveRecord: 0.0ms | Allocations: 8582)


Started GET "/" for ::1 at 2020-11-29 00:11:54 +0900
  [1m[35m (0.5ms)[0m  [1m[35mSET NAMES utf8mb4,  @@SESSION.sql_mode = CONCAT(CONCAT(@@sql_mode, ',STRICT_ALL_TABLES'), ',NO_AUTO_VALUE_ON_ZERO'),  @@SESSION.sql_auto_is_null = 0, @@SESSION.wait_timeout = 2147483[0m
  [1m[35m (0.3ms)[0m  [1m[34mSELECT `schema_migrations`.`version` FROM `schema_migrations` ORDER BY `schema_migrations`.`version` ASC[0m
Processing by PagesController#index as HTML
  Rendering pages/index.html.erb within layouts/application
  Rendered pages/index.html.erb within layouts/application (Duration: 1.4ms | Allocations: 351)
[Webpacker] Everything's up-to-date. Nothing to do
Completed 200 OK in 790ms (Views: 783.4ms | ActiveRecord: 0.0ms | Allocations: 123811)


Started GET "/users/new" for ::1 at 2020-11-29 00:11:56 +0900
Processing by UsersController#new as HTML
  Rendering users/new.html.erb within layouts/application
  Rendered users/new.html.erb within layouts/application (Duration: 9.1ms | Allocations: 2499)
[Webpacker] Everything's up-to-date. Nothing to do
Completed 200 OK in 35ms (Views: 21.7ms | ActiveRecord: 4.7ms | Allocations: 15744)


Started GET "/users/new" for ::1 at 2020-11-29 00:24:09 +0900
  [1m[35m (0.5ms)[0m  [1m[35mSET NAMES utf8mb4,  @@SESSION.sql_mode = CONCAT(CONCAT(@@sql_mode, ',STRICT_ALL_TABLES'), ',NO_AUTO_VALUE_ON_ZERO'),  @@SESSION.sql_auto_is_null = 0, @@SESSION.wait_timeout = 2147483[0m
  [1m[35m (0.2ms)[0m  [1m[34mSELECT `schema_migrations`.`version` FROM `schema_migrations` ORDER BY `schema_migrations`.`version` ASC[0m
Processing by UsersController#new as HTML
  Rendering users/new.html.erb within layouts/application
  Rendered users/new.html.erb within layouts/application (Duration: 10.5ms | Allocations: 2642)
[Webpacker] Everything's up-to-date. Nothing to do
Completed 200 OK in 118ms (Views: 102.2ms | ActiveRecord: 1.2ms | Allocations: 32145)


Started GET "/" for ::1 at 2020-11-29 00:24:16 +0900
Processing by PagesController#index as HTML
  Rendering pages/index.html.erb within layouts/application
  Rendered pages/index.html.erb within layouts/application (Duration: 0.8ms | Allocations: 216)
[Webpacker] Everything's up-to-date. Nothing to do
Completed 200 OK in 13ms (Views: 11.6ms | ActiveRecord: 0.0ms | Allocations: 9383)


Started GET "/users/new" for ::1 at 2020-11-29 00:24:18 +0900
Processing by UsersController#new as HTML
  Rendering users/new.html.erb within layouts/application
  Rendered users/new.html.erb within layouts/application (Duration: 1.0ms | Allocations: 651)
[Webpacker] Everything's up-to-date. Nothing to do
Completed 200 OK in 11ms (Views: 10.7ms | ActiveRecord: 0.0ms | Allocations: 9268)


Started POST "/users" for ::1 at 2020-11-29 00:24:31 +0900
Processing by UsersController#create as HTML
  Parameters: {"authenticity_token"=>"1XZJXUEYFBKztvldS8ZIk/iV20M5hBCHZOa6xWW6lJmOtjqZXccszSoESZ6tFn42HsUrFye45zSDiYi2R9/FlA==", "user"=>{"name"=>"test5", "email"=>"test@test5"}, "commit"=>"登録"}
  [1m[35m (0.1ms)[0m  [1m[35mBEGIN[0m
  ↳ app/controllers/users_controller.rb:8:in `create'
  [1m[36mUser Create (0.5ms)[0m  [1m[32mINSERT INTO `users` (`name`, `email`, `created_at`, `updated_at`) VALUES ('test5', 'test@test5', '2020-11-28 15:24:32.003066', '2020-11-28 15:24:32.003066')[0m
  ↳ app/controllers/users_controller.rb:8:in `create'
  [1m[35m (2.8ms)[0m  [1m[35mCOMMIT[0m
  ↳ app/controllers/users_controller.rb:8:in `create'
Redirected to http://localhost:3000/
Completed 302 Found in 10ms (ActiveRecord: 3.5ms | Allocations: 3026)


Started GET "/" for ::1 at 2020-11-29 00:24:32 +0900
Processing by PagesController#index as HTML
  Rendering pages/index.html.erb within layouts/application
  Rendered pages/index.html.erb within layouts/application (Duration: 0.1ms | Allocations: 66)
[Webpacker] Everything's up-to-date. Nothing to do
Completed 200 OK in 10ms (Views: 9.4ms | ActiveRecord: 0.0ms | Allocations: 8681)


  [1m[35m (0.5ms)[0m  [1m[35mSET NAMES utf8mb4,  @@SESSION.sql_mode = CONCAT(CONCAT(@@sql_mode, ',STRICT_ALL_TABLES'), ',NO_AUTO_VALUE_ON_ZERO'),  @@SESSION.sql_auto_is_null = 0, @@SESSION.wait_timeout = 2147483[0m
  [1m[35m (0.2ms)[0m  [1m[35mSET NAMES utf8mb4,  @@SESSION.sql_mode = CONCAT(CONCAT(@@sql_mode, ',STRICT_ALL_TABLES'), ',NO_AUTO_VALUE_ON_ZERO'),  @@SESSION.sql_auto_is_null = 0, @@SESSION.wait_timeout = 2147483[0m
  [1m[35m (0.3ms)[0m  [1m[34mSELECT GET_LOCK('6372517130059550925', 0)[0m
  [1m[35m (0.2ms)[0m  [1m[34mSELECT `schema_migrations`.`version` FROM `schema_migrations` ORDER BY `schema_migrations`.`version` ASC[0m
Migrating to AddPasswordDigestToUsers (20201128153019)
  [1m[35m (127.9ms)[0m  [1m[35mALTER TABLE `users` ADD `password_digest` varchar(255)[0m
  [1m[35m (0.1ms)[0m  [1m[35mBEGIN[0m
  [1m[36mprimary::SchemaMigration Create (0.2ms)[0m  [1m[32mINSERT INTO `schema_migrations` (`version`) VALUES ('20201128153019')[0m
  [1m[35m (0.4ms)[0m  [1m[35mCOMMIT[0m
  [1m[36mActiveRecord::InternalMetadata Load (0.3ms)[0m  [1m[34mSELECT `ar_internal_metadata`.* FROM `ar_internal_metadata` WHERE `ar_internal_metadata`.`key` = 'environment' LIMIT 1[0m
  [1m[35m (0.2ms)[0m  [1m[34mSELECT RELEASE_LOCK('6372517130059550925')[0m
  [1m[35m (0.2ms)[0m  [1m[35mSET NAMES utf8mb4,  @@SESSION.sql_mode = CONCAT(CONCAT(@@sql_mode, ',STRICT_ALL_TABLES'), ',NO_AUTO_VALUE_ON_ZERO'),  @@SESSION.sql_auto_is_null = 0, @@SESSION.wait_timeout = 2147483[0m
  [1m[35m (0.2ms)[0m  [1m[34mSELECT `schema_migrations`.`version` FROM `schema_migrations` ORDER BY `schema_migrations`.`version` ASC[0m
  [1m[35m (1.5ms)[0m  [1m[35mSET NAMES utf8mb4,  @@SESSION.sql_mode = CONCAT(CONCAT(@@sql_mode, ',STRICT_ALL_TABLES'), ',NO_AUTO_VALUE_ON_ZERO'),  @@SESSION.sql_auto_is_null = 0, @@SESSION.wait_timeout = 2147483[0m
  [1m[36mUser Load (3.6ms)[0m  [1m[34mSELECT `users`.* FROM `users`[0m
Started GET "/" for ::1 at 2020-11-29 00:41:39 +0900
  [1m[35m (0.4ms)[0m  [1m[35mSET NAMES utf8mb4,  @@SESSION.sql_mode = CONCAT(CONCAT(@@sql_mode, ',STRICT_ALL_TABLES'), ',NO_AUTO_VALUE_ON_ZERO'),  @@SESSION.sql_auto_is_null = 0, @@SESSION.wait_timeout = 2147483[0m
  [1m[35m (0.2ms)[0m  [1m[34mSELECT `schema_migrations`.`version` FROM `schema_migrations` ORDER BY `schema_migrations`.`version` ASC[0m
Processing by PagesController#index as HTML
  Rendering pages/index.html.erb within layouts/application
  Rendered pages/index.html.erb within layouts/application (Duration: 1.6ms | Allocations: 351)
[Webpacker] Everything's up-to-date. Nothing to do
Completed 200 OK in 72ms (Views: 66.3ms | ActiveRecord: 0.0ms | Allocations: 24230)


Started GET "/users/new" for ::1 at 2020-11-29 00:41:43 +0900
Processing by UsersController#new as HTML
  Rendering users/new.html.erb within layouts/application
  Rendered users/new.html.erb within layouts/application (Duration: 7.1ms | Allocations: 3223)
[Webpacker] Everything's up-to-date. Nothing to do
Completed 200 OK in 27ms (Views: 16.1ms | ActiveRecord: 3.6ms | Allocations: 17350)


Started GET "/users/new" for ::1 at 2020-11-29 00:41:51 +0900
Processing by UsersController#new as HTML
  Rendering users/new.html.erb within layouts/application
  Rendered users/new.html.erb within layouts/application (Duration: 2.3ms | Allocations: 1070)
[Webpacker] Everything's up-to-date. Nothing to do
Completed 200 OK in 14ms (Views: 13.2ms | ActiveRecord: 0.0ms | Allocations: 9685)


Started GET "/" for ::1 at 2020-11-29 11:46:10 +0900
  [1m[35m (1.6ms)[0m  [1m[35mSET NAMES utf8mb4,  @@SESSION.sql_mode = CONCAT(CONCAT(@@sql_mode, ',STRICT_ALL_TABLES'), ',NO_AUTO_VALUE_ON_ZERO'),  @@SESSION.sql_auto_is_null = 0, @@SESSION.wait_timeout = 2147483[0m
  [1m[35m (0.2ms)[0m  [1m[34mSELECT `schema_migrations`.`version` FROM `schema_migrations` ORDER BY `schema_migrations`.`version` ASC[0m
Processing by PagesController#index as HTML
  Rendering pages/index.html.erb within layouts/application
  Rendered pages/index.html.erb within layouts/application (Duration: 1.5ms | Allocations: 351)
[Webpacker] Everything's up-to-date. Nothing to do
Completed 200 OK in 129ms (Views: 122.4ms | ActiveRecord: 0.0ms | Allocations: 24234)


Started GET "/users/new" for ::1 at 2020-11-29 11:46:12 +0900
Processing by UsersController#new as HTML
Completed 500 Internal Server Error in 18ms (ActiveRecord: 0.0ms | Allocations: 5273)


  
NoMethodError (undefined method `VALID_PASSWORD_REGEX' for #<Class:0x00007ff987fe3958>
Did you mean?  valid_scope_name?):
  
app/models/user.rb:3:in `<class:User>'
app/models/user.rb:1:in `<main>'
app/controllers/users_controller.rb:3:in `new'
Started GET "/users/new" for ::1 at 2020-11-29 11:47:24 +0900
Processing by UsersController#new as HTML
Completed 500 Internal Server Error in 17ms (ActiveRecord: 0.0ms | Allocations: 5075)


  
NoMethodError (undefined method `VALID_PASSWORD_REGEX' for #<Class:0x00007ff989034ff0>
Did you mean?  valid_scope_name?):
  
app/models/user.rb:3:in `<class:User>'
app/models/user.rb:1:in `<main>'
app/controllers/users_controller.rb:3:in `new'
Started GET "/users/new" for ::1 at 2020-11-29 11:48:06 +0900
Processing by UsersController#new as HTML
  Rendering users/new.html.erb within layouts/application
  Rendered users/new.html.erb within layouts/application (Duration: 7.8ms | Allocations: 3223)
[Webpacker] Everything's up-to-date. Nothing to do
Completed 200 OK in 25ms (Views: 17.2ms | ActiveRecord: 1.1ms | Allocations: 17493)


Started POST "/users" for ::1 at 2020-11-29 11:48:22 +0900
Processing by UsersController#create as HTML
  Parameters: {"authenticity_token"=>"KYV9uhL/pMDtZQHZFWqx+knt9fMvkUmKYTtzxXOzdq5yRQ5+DiCcH3TXsRrzuodfr70FpzGtvjmGVEG2UdYnow==", "user"=>{"name"=>"test5", "email"=>"test@test5", "password"=>"[FILTERED]", "password_confirmation"=>"[FILTERED]"}, "commit"=>"登録"}
  Rendering users/new.html.erb within layouts/application
  Rendered users/new.html.erb within layouts/application (Duration: 1.2ms | Allocations: 1103)
[Webpacker] Everything's up-to-date. Nothing to do
Completed 200 OK in 229ms (Views: 15.3ms | ActiveRecord: 0.0ms | Allocations: 11304)


Started POST "/users" for ::1 at 2020-11-29 11:48:32 +0900
Processing by UsersController#create as HTML
  Parameters: {"authenticity_token"=>"XwoVqNNECG5/yW3KFjkKj6Lge969XaVgb5PN+Vdh3gYEymZsz5swseZ73Qnw6TwqRLCLiqNhUtOI/P+KdQSPCw==", "user"=>{"name"=>"test5", "email"=>"test@test5", "password"=>"[FILTERED]", "password_confirmation"=>"[FILTERED]"}, "commit"=>"登録"}
  Rendering users/new.html.erb within layouts/application
  Rendered users/new.html.erb within layouts/application (Duration: 1.2ms | Allocations: 1093)
[Webpacker] Everything's up-to-date. Nothing to do
Completed 200 OK in 224ms (Views: 9.4ms | ActiveRecord: 0.0ms | Allocations: 11325)


Started POST "/users" for ::1 at 2020-11-29 11:48:50 +0900
Processing by UsersController#create as HTML
  Parameters: {"authenticity_token"=>"GaVvWacGlwrQm+ZUtcDvcWxYrJszg+0bWJ7hE9bBmFRCZRydu9mv1UkpVpdTENnUighczy2/Gqi/8dNg9KTJWQ==", "user"=>{"name"=>"test5", "email"=>"test@test5", "password"=>"[FILTERED]", "password_confirmation"=>"[FILTERED]"}, "commit"=>"登録"}
  Rendering users/new.html.erb within layouts/application
  Rendered users/new.html.erb within layouts/application (Duration: 1.4ms | Allocations: 1095)
[Webpacker] Everything's up-to-date. Nothing to do
Completed 200 OK in 225ms (Views: 12.7ms | ActiveRecord: 0.0ms | Allocations: 10950)


Started POST "/users" for ::1 at 2020-11-29 11:49:24 +0900
Processing by UsersController#create as HTML
  Parameters: {"authenticity_token"=>"6qYz3kCKJy5HIml4vsHkkpkDutNRvB0WpkHVvqdNKHmxZkAaXFUf8d6Q2btYEdI3f1NKh0+A6qVBLufNhSh5dA==", "user"=>{"name"=>"test5", "email"=>"test@test5", "password"=>"[FILTERED]", "password_confirmation"=>"[FILTERED]"}, "commit"=>"登録"}
  Rendering users/new.html.erb within layouts/application
  Rendered users/new.html.erb within layouts/application (Duration: 1.2ms | Allocations: 1093)
[Webpacker] Everything's up-to-date. Nothing to do
Completed 200 OK in 226ms (Views: 9.4ms | ActiveRecord: 0.0ms | Allocations: 10953)


Started POST "/users" for ::1 at 2020-11-29 11:49:40 +0900
Processing by UsersController#create as HTML
  Parameters: {"authenticity_token"=>"esHXL5/erqj1SZirZMVhgFA6g2ySEMXMaEkuAw1JjMohAaTrgwGWd2z7KGiCFVcltmpzOIwsMn+PJhxwLyzdxw==", "user"=>{"name"=>"test5", "email"=>"test@test5", "password"=>"[FILTERED]", "password_confirmation"=>"[FILTERED]"}, "commit"=>"登録"}
  Rendering users/new.html.erb within layouts/application
  Rendered users/new.html.erb within layouts/application (Duration: 1.2ms | Allocations: 1093)
[Webpacker] Everything's up-to-date. Nothing to do
Completed 200 OK in 221ms (Views: 16.0ms | ActiveRecord: 0.0ms | Allocations: 10977)


Started POST "/users" for ::1 at 2020-11-29 11:50:53 +0900
Processing by UsersController#create as HTML
  Parameters: {"authenticity_token"=>"N4sIyJnnh/UhwmXi27T1hs41ZAmo5b5pizdCKzrCllxsS3sMhTi/Krhw1SE9ZMMjKGWUXbbZSdpsWHBYGKfHUQ==", "user"=>{"name"=>"test5", "email"=>"test@test5", "password"=>"[FILTERED]", "password_confirmation"=>"[FILTERED]"}, "commit"=>"登録"}
  Rendering users/new.html.erb within layouts/application
  Rendered users/new.html.erb within layouts/application (Duration: 1.4ms | Allocations: 1249)
[Webpacker] Everything's up-to-date. Nothing to do
Completed 200 OK in 223ms (Views: 10.3ms | ActiveRecord: 4.6ms | Allocations: 15881)


Started GET "/" for ::1 at 2020-11-29 11:54:21 +0900
Processing by PagesController#index as HTML
  Rendering pages/index.html.erb within layouts/application
  Rendered pages/index.html.erb within layouts/application (Duration: 0.1ms | Allocations: 72)
[Webpacker] Everything's up-to-date. Nothing to do
Completed 200 OK in 9ms (Views: 8.9ms | ActiveRecord: 0.0ms | Allocations: 8774)


Started GET "/users/new" for ::1 at 2020-11-29 11:54:24 +0900
Processing by UsersController#new as HTML
  Rendering users/new.html.erb within layouts/application
  Rendered users/new.html.erb within layouts/application (Duration: 2.0ms | Allocations: 1069)
[Webpacker] Everything's up-to-date. Nothing to do
Completed 200 OK in 33ms (Views: 31.5ms | ActiveRecord: 0.0ms | Allocations: 9678)


Started POST "/users" for ::1 at 2020-11-29 11:54:43 +0900
Processing by UsersController#create as HTML
  Parameters: {"authenticity_token"=>"qvwU9m0GD+reRIVyCu9D3uVy2/ec1eIpuHROq/tPtjTxPGcycdk3NUf2NbHsP3V7AyIro4LpFZpfG3zY2SrnOQ==", "user"=>{"name"=>"test4", "email"=>"test4@test", "password"=>"[FILTERED]", "password_confirmation"=>"[FILTERED]"}, "commit"=>"登録"}
  Rendering users/new.html.erb within layouts/application
  Rendered users/new.html.erb within layouts/application (Duration: 1.2ms | Allocations: 1100)
[Webpacker] Everything's up-to-date. Nothing to do
Completed 200 OK in 223ms (Views: 9.6ms | ActiveRecord: 0.0ms | Allocations: 10655)


Started GET "/" for ::1 at 2020-11-29 11:55:23 +0900
  [1m[35m (0.5ms)[0m  [1m[35mSET NAMES utf8mb4,  @@SESSION.sql_mode = CONCAT(CONCAT(@@sql_mode, ',STRICT_ALL_TABLES'), ',NO_AUTO_VALUE_ON_ZERO'),  @@SESSION.sql_auto_is_null = 0, @@SESSION.wait_timeout = 2147483[0m
  [1m[35m (0.3ms)[0m  [1m[34mSELECT `schema_migrations`.`version` FROM `schema_migrations` ORDER BY `schema_migrations`.`version` ASC[0m
Processing by PagesController#index as HTML
  Rendering pages/index.html.erb within layouts/application
  Rendered pages/index.html.erb within layouts/application (Duration: 1.2ms | Allocations: 351)
[Webpacker] Everything's up-to-date. Nothing to do
Completed 200 OK in 105ms (Views: 98.9ms | ActiveRecord: 0.0ms | Allocations: 24240)


Started GET "/users/new" for ::1 at 2020-11-29 11:55:25 +0900
Processing by UsersController#new as HTML
  Rendering users/new.html.erb within layouts/application
  Rendered users/new.html.erb within layouts/application (Duration: 8.3ms | Allocations: 3217)
[Webpacker] Everything's up-to-date. Nothing to do
Completed 200 OK in 41ms (Views: 31.5ms | ActiveRecord: 1.2ms | Allocations: 17558)


Started POST "/users" for ::1 at 2020-11-29 11:55:38 +0900
Processing by UsersController#create as HTML
  Parameters: {"authenticity_token"=>"Hg8v1vko+J9a18dcR0uS79S0/LzINyIzpcb3WbiBqDNFz1wS5ffAQMNld5+hm6RKMuQM6NYL1YBCqcUqmuT5Pg==", "user"=>{"name"=>"test4", "email"=>"test4@test", "password"=>"[FILTERED]", "password_confirmation"=>"[FILTERED]"}, "commit"=>"登録"}
  Rendering users/new.html.erb within layouts/application
  Rendered users/new.html.erb within layouts/application (Duration: 1.2ms | Allocations: 1110)
[Webpacker] Everything's up-to-date. Nothing to do
Completed 200 OK in 224ms (Views: 15.9ms | ActiveRecord: 0.0ms | Allocations: 10967)


Started POST "/users" for ::1 at 2020-11-29 11:58:12 +0900
Processing by UsersController#create as HTML
  Parameters: {"authenticity_token"=>"wLnSiTVP8l+57zliScZMYneSd2HENsaAy9RBKFJjfQCbeaFNKZDKgCBdiaGvFnrHkcKHNdoKMTMsu3NbcAYsDQ==", "user"=>{"name"=>"test4", "email"=>"test4@test", "password"=>"[FILTERED]", "password_confirmation"=>"[FILTERED]"}, "commit"=>"登録"}
  [1m[35m (0.2ms)[0m  [1m[35mBEGIN[0m
  ↳ app/controllers/users_controller.rb:8:in `create'
  [1m[36mUser Create (0.5ms)[0m  [1m[32mINSERT INTO `users` (`name`, `email`, `created_at`, `updated_at`, `password_digest`) VALUES ('test4', 'test4@test', '2020-11-29 02:58:12.911007', '2020-11-29 02:58:12.911007', '$2a$12$c06EjVjSehVyPgebWTaYSeKqdyMVsq895F4esWNRDOAcyQIHFUy5S')[0m
  ↳ app/controllers/users_controller.rb:8:in `create'
  [1m[35m (0.7ms)[0m  [1m[35mCOMMIT[0m
  ↳ app/controllers/users_controller.rb:8:in `create'
Redirected to http://localhost:3000/
Completed 302 Found in 226ms (ActiveRecord: 3.4ms | Allocations: 7958)


Started GET "/" for ::1 at 2020-11-29 11:58:12 +0900
Processing by PagesController#index as HTML
  Rendering pages/index.html.erb within layouts/application
  Rendered pages/index.html.erb within layouts/application (Duration: 0.3ms | Allocations: 72)
[Webpacker] Everything's up-to-date. Nothing to do
Completed 200 OK in 20ms (Views: 19.7ms | ActiveRecord: 0.0ms | Allocations: 8834)


Started GET "/users/new" for ::1 at 2020-11-29 11:58:18 +0900
Processing by UsersController#new as HTML
  Rendering users/new.html.erb within layouts/application
  Rendered users/new.html.erb within layouts/application (Duration: 3.8ms | Allocations: 1273)
[Webpacker] Everything's up-to-date. Nothing to do
Completed 200 OK in 23ms (Views: 20.2ms | ActiveRecord: 0.0ms | Allocations: 10043)


Started POST "/users" for ::1 at 2020-11-29 11:59:55 +0900
Processing by UsersController#create as HTML
  Parameters: {"authenticity_token"=>"rbGgJ583v6L9DMUsMZN3P4RGIkBctwq4IQU1OJC/Lmn2cdPjg+iHfWS+de/XQ0GaYhbSFEKL/QvGagdLstp/ZA==", "user"=>{"name"=>"test5", "email"=>"test@test5", "password"=>"[FILTERED]", "password_confirmation"=>"[FILTERED]"}, "commit"=>"登録"}
  Rendering users/new.html.erb within layouts/application
  Rendered users/new.html.erb within layouts/application (Duration: 1.8ms | Allocations: 1250)
[Webpacker] Everything's up-to-date. Nothing to do
Completed 200 OK in 238ms (Views: 22.8ms | ActiveRecord: 0.9ms | Allocations: 15998)


Started POST "/users" for ::1 at 2020-11-29 12:00:04 +0900
Processing by UsersController#create as HTML
  Parameters: {"authenticity_token"=>"TcHg3HTNcgsqy0bbgQwIXuHt+hTfAda8LFhNroJJlTEWAZMYaBJK1LN59hhn3D77B70KQME9IQ/LN3/doCzEPA==", "user"=>{"name"=>"test5", "email"=>"test@test5", "password"=>"[FILTERED]", "password_confirmation"=>"[FILTERED]"}, "commit"=>"登録"}
  Rendering users/new.html.erb within layouts/application
  Rendered users/new.html.erb within layouts/application (Duration: 1.1ms | Allocations: 1102)
[Webpacker] Everything's up-to-date. Nothing to do
Completed 200 OK in 219ms (Views: 9.8ms | ActiveRecord: 0.0ms | Allocations: 10680)


Started POST "/users" for ::1 at 2020-11-29 12:02:06 +0900
Processing by UsersController#create as HTML
  Parameters: {"authenticity_token"=>"gk1cpq2euKfWtfV92CSR8plIW5MSd8npjechW6HuYDbZjS9isUGAeE8HRb4+9KdXfxirxwxLPlpqiBMog4sxOw==", "user"=>{"name"=>"test5", "email"=>"test@test5", "password"=>"[FILTERED]", "password_confirmation"=>"[FILTERED]"}, "commit"=>"登録"}
  [1m[35m (0.2ms)[0m  [1m[35mBEGIN[0m
  ↳ app/controllers/users_controller.rb:8:in `create'
  [1m[36mUser Create (0.2ms)[0m  [1m[32mINSERT INTO `users` (`name`, `email`, `created_at`, `updated_at`, `password_digest`) VALUES ('test5', 'test@test5', '2020-11-29 03:02:07.234628', '2020-11-29 03:02:07.234628', '$2a$12$NFrEByzf6yhDfY6iKDrjAOnJh0fwO.uA9PhjRIn56UKH0h2znWQai')[0m
  ↳ app/controllers/users_controller.rb:8:in `create'
  [1m[35m (0.3ms)[0m  [1m[35mCOMMIT[0m
  ↳ app/controllers/users_controller.rb:8:in `create'
Redirected to http://localhost:3000/
Completed 302 Found in 227ms (ActiveRecord: 3.7ms | Allocations: 7932)


Started GET "/" for ::1 at 2020-11-29 12:02:07 +0900
Processing by PagesController#index as HTML
  Rendering pages/index.html.erb within layouts/application
  Rendered pages/index.html.erb within layouts/application (Duration: 0.1ms | Allocations: 73)
[Webpacker] Everything's up-to-date. Nothing to do
Completed 200 OK in 10ms (Views: 9.6ms | ActiveRecord: 0.0ms | Allocations: 8844)


Started GET "/users/new" for ::1 at 2020-11-29 12:02:17 +0900
Processing by UsersController#new as HTML
  Rendering users/new.html.erb within layouts/application
  Rendered users/new.html.erb within layouts/application (Duration: 3.7ms | Allocations: 1273)
[Webpacker] Everything's up-to-date. Nothing to do
Completed 200 OK in 16ms (Views: 14.9ms | ActiveRecord: 0.0ms | Allocations: 10021)


Started POST "/users" for ::1 at 2020-11-29 12:02:28 +0900
Processing by UsersController#create as HTML
  Parameters: {"authenticity_token"=>"7AXrrXzI0c7UUafgBLydrKrOXxHD4J+mXLv0NSn1bnu3xZhpYBfpEU3jFyPibKsJTJ6vRd3caBW71MZGC5A/dg==", "user"=>{"name"=>"test4", "email"=>"test4@test", "password"=>"[FILTERED]", "password_confirmation"=>"[FILTERED]"}, "commit"=>"登録"}
  Rendering users/new.html.erb within layouts/application
  Rendered users/new.html.erb within layouts/application (Duration: 1.1ms | Allocations: 1092)
[Webpacker] Everything's up-to-date. Nothing to do
Completed 200 OK in 218ms (Views: 8.7ms | ActiveRecord: 0.0ms | Allocations: 10658)


Started POST "/users" for ::1 at 2020-11-29 12:03:00 +0900
Processing by UsersController#create as HTML
  Parameters: {"authenticity_token"=>"Em0G2kfEbmGx1PxDICGYMcpf80wy9cl45av+CpqP6J1JrXUeWxtWvihmTIDG8a6ULA8DGCzJPssCxMx5uOq5kA==", "user"=>{"name"=>"test4", "email"=>"test4@test", "password"=>"[FILTERED]", "password_confirmation"=>"[FILTERED]"}, "commit"=>"登録"}
  Rendering users/new.html.erb within layouts/application
  Rendered users/new.html.erb within layouts/application (Duration: 1.9ms | Allocations: 1090)
[Webpacker] Everything's up-to-date. Nothing to do
Completed 200 OK in 223ms (Views: 11.7ms | ActiveRecord: 0.0ms | Allocations: 10653)


Started POST "/users" for ::1 at 2020-11-29 12:03:06 +0900
Processing by UsersController#create as HTML
  Parameters: {"authenticity_token"=>"TkAg5bPQfJG2ZVVnjyFFY5FCJv/HAjgGdKGAp+PgO+AVgFMhrw9ETi/X5aRp8XPGdxLWq9k+z7WTzrLUwYVq7Q==", "user"=>{"name"=>"test4", "email"=>"test4@test", "password"=>"[FILTERED]", "password_confirmation"=>"[FILTERED]"}, "commit"=>"登録"}
  [1m[35m (0.2ms)[0m  [1m[35mBEGIN[0m
  ↳ app/controllers/users_controller.rb:8:in `create'
  [1m[36mUser Create (0.3ms)[0m  [1m[32mINSERT INTO `users` (`name`, `email`, `created_at`, `updated_at`, `password_digest`) VALUES ('test4', 'test4@test', '2020-11-29 03:03:07.132525', '2020-11-29 03:03:07.132525', '$2a$12$RZoeN5or0O1Dd7YPZ3rwiOJuwaAB3AAIMWSZmmGWB2AaIjEwuYRTC')[0m
  ↳ app/controllers/users_controller.rb:8:in `create'
  [1m[35m (0.8ms)[0m  [1m[35mCOMMIT[0m
  ↳ app/controllers/users_controller.rb:8:in `create'
Redirected to http://localhost:3000/
Completed 302 Found in 211ms (ActiveRecord: 1.3ms | Allocations: 2887)


Started GET "/" for ::1 at 2020-11-29 12:03:07 +0900
Processing by PagesController#index as HTML
  Rendering pages/index.html.erb within layouts/application
  Rendered pages/index.html.erb within layouts/application (Duration: 0.1ms | Allocations: 65)
[Webpacker] Everything's up-to-date. Nothing to do
Completed 200 OK in 9ms (Views: 8.5ms | ActiveRecord: 0.0ms | Allocations: 8679)


